0 info it worked if it ends with ok
1 verbose cli [ 'C:\\Program Files\\nodejs\\node.exe',
1 verbose cli   'C:\\Program Files\\nodejs\\node_modules\\npm\\bin\\npm-cli.js',
1 verbose cli   'start' ]
2 info using npm@4.1.2
3 info using node@v7.7.1
4 verbose run-script [ 'prestart', 'start', 'poststart' ]
5 info lifecycle voting@0.0.0~prestart: voting@0.0.0
6 silly lifecycle voting@0.0.0~prestart: no script for prestart, continuing
7 info lifecycle voting@0.0.0~start: voting@0.0.0
8 verbose lifecycle voting@0.0.0~start: unsafe-perm in lifecycle true
9 verbose lifecycle voting@0.0.0~start: PATH: C:\Program Files\nodejs\node_modules\npm\bin\node-gyp-bin;F:\aim\My_FCC\Web-App\Voting\node_modules\.bin;C:\windows\system32;C:\windows;C:\windows\System32\Wbem;C:\windows\System32\WindowsPowerShell\v1.0\;C:\Program Files\nodejs\;C:\Program Files\MongoDB\Server\3.4\bin;C:\Program Files\Git\cmd;;C:\Program Files (x86)\Microsoft VS Code\bin;C:\Users\Administrator\AppData\Roaming\npm;C:\Program Files\Heroku\bin
10 verbose lifecycle voting@0.0.0~start: CWD: F:\aim\My_FCC\Web-App\Voting
11 silly lifecycle voting@0.0.0~start: Args: [ '/d /s /c', 'node-dev ./bin/www' ]
12 silly lifecycle voting@0.0.0~start: Returned: code: 3221225786  signal: null
13 info lifecycle voting@0.0.0~start: Failed to exec start script
14 verbose stack Error: voting@0.0.0 start: `node-dev ./bin/www`
14 verbose stack Exit status 3221225786
14 verbose stack     at EventEmitter.<anonymous> (C:\Program Files\nodejs\node_modules\npm\lib\utils\lifecycle.js:279:16)
14 verbose stack     at emitTwo (events.js:106:13)
14 verbose stack     at EventEmitter.emit (events.js:194:7)
14 verbose stack     at ChildProcess.<anonymous> (C:\Program Files\nodejs\node_modules\npm\lib\utils\spawn.js:40:14)
14 verbose stack     at emitTwo (events.js:106:13)
14 verbose stack     at ChildProcess.emit (events.js:194:7)
14 verbose stack     at maybeClose (internal/child_process.js:899:16)
14 verbose stack     at Process.ChildProcess._handle.onexit (internal/child_process.js:226:5)
15 verbose pkgid voting@0.0.0
16 verbose cwd F:\aim\My_FCC\Web-App\Voting
17 error Windows_NT 10.0.10586
18 error argv "C:\\Program Files\\nodejs\\node.exe" "C:\\Program Files\\nodejs\\node_modules\\npm\\bin\\npm-cli.js" "start"
19 error node v7.7.1
20 error npm  v4.1.2
21 error code ELIFECYCLE
22 error voting@0.0.0 start: `node-dev ./bin/www`
22 error Exit status 3221225786
23 error Failed at the voting@0.0.0 start script 'node-dev ./bin/www'.
23 error Make sure you have the latest version of node.js and npm installed.
23 error If you do, this is most likely a problem with the voting package,
23 error not with npm itself.
23 error Tell the author that this fails on your system:
23 error     node-dev ./bin/www
23 error You can get information on how to open an issue for this project with:
23 error     npm bugs voting
23 error Or if that isn't available, you can get their info via:
23 error     npm owner ls voting
23 error There is likely additional logging output above.
24 verbose exit [ 1, true ]
